<? $phpalbum_Errors[]= Array("datetime" => "12/09/22 18:33:30","errornum" => "2","errortype" => "Warning","errormsg" => "fopen(cache/logs.txt) [<a href='function.fopen'>function.fopen</a>]: failed to open stream: No such file or directory","scriptname" => "D:\xampp\htdocs\img-chare\main.php","scriptlinenum" => "2325"); ?>
<? $phpalbum_Errors[]= Array("datetime" => "12/09/22 18:33:30","errornum" => "2","errortype" => "Warning","errormsg" => "fwrite() expects parameter 1 to be resource, boolean given","scriptname" => "D:\xampp\htdocs\img-chare\main.php","scriptlinenum" => "2326"); ?>
<? $phpalbum_Errors[]= Array("datetime" => "12/09/22 18:33:30","errornum" => "2","errortype" => "Warning","errormsg" => "fclose() expects parameter 1 to be resource, boolean given","scriptname" => "D:\xampp\htdocs\img-chare\main.php","scriptlinenum" => "2327"); ?>
<? $phpalbum_Errors[]= Array("datetime" => "12/09/22 18:33:41","errornum" => "2","errortype" => "Warning","errormsg" => "fopen(cache/logs.txt) [<a href='function.fopen'>function.fopen</a>]: failed to open stream: No such file or directory","scriptname" => "D:\xampp\htdocs\img-chare\main.php","scriptlinenum" => "2325"); ?>
<? $phpalbum_Errors[]= Array("datetime" => "12/09/22 18:33:41","errornum" => "2","errortype" => "Warning","errormsg" => "fwrite() expects parameter 1 to be resource, boolean given","scriptname" => "D:\xampp\htdocs\img-chare\main.php","scriptlinenum" => "2326"); ?>
<? $phpalbum_Errors[]= Array("datetime" => "12/09/22 18:33:41","errornum" => "2","errortype" => "Warning","errormsg" => "fclose() expects parameter 1 to be resource, boolean given","scriptname" => "D:\xampp\htdocs\img-chare\main.php","scriptlinenum" => "2327"); ?>
<? $phpalbum_Errors[]= Array("datetime" => "12/09/22 18:33:42","errornum" => "2","errortype" => "Warning","errormsg" => "fopen(cache/cache_themeimage_shdw_ru.png_EEDD99_100_.cache) [<a href='function.fopen'>function.fopen</a>]: failed to open stream: No such file or directory","scriptname" => "D:\xampp\htdocs\img-chare\main.php","scriptlinenum" => "528"); ?>
<? $phpalbum_Errors[]= Array("datetime" => "12/09/22 18:33:42","errornum" => "2","errortype" => "Warning","errormsg" => "fwrite() expects parameter 1 to be resource, boolean given","scriptname" => "D:\xampp\htdocs\img-chare\main.php","scriptlinenum" => "529"); ?>
<? $phpalbum_Errors[]= Array("datetime" => "12/09/22 18:33:42","errornum" => "2","errortype" => "Warning","errormsg" => "fclose() expects parameter 1 to be resource, boolean given","scriptname" => "D:\xampp\htdocs\img-chare\main.php","scriptlinenum" => "530"); ?>
<? $phpalbum_Errors[]= Array("datetime" => "12/09/22 18:33:42","errornum" => "2","errortype" => "Warning","errormsg" => "filemtime() [<a href='function.filemtime'>function.filemtime</a>]: stat failed for cache/cache_themeimage_shdw_ru.png_EEDD99_100_.cache","scriptname" => "D:\xampp\htdocs\img-chare\main.php","scriptlinenum" => "532"); ?>
<? $phpalbum_Errors[]= Array("datetime" => "12/09/22 18:33:42","errornum" => "2","errortype" => "Warning","errormsg" => "fopen(cache/cache_themeimage_shdw_ru.png_EEDD99_100_.cache.hdr) [<a href='function.fopen'>function.fopen</a>]: failed to open stream: No such file or directory","scriptname" => "D:\xampp\htdocs\img-chare\main.php","scriptlinenum" => "202"); ?>
<? $phpalbum_Errors[]= Array("datetime" => "12/09/22 18:33:42","errornum" => "2","errortype" => "Warning","errormsg" => "fwrite() expects parameter 1 to be resource, boolean given","scriptname" => "D:\xampp\htdocs\img-chare\main.php","scriptlinenum" => "204"); ?>
<? $phpalbum_Errors[]= Array("datetime" => "12/09/22 18:33:42","errornum" => "2","errortype" => "Warning","errormsg" => "fwrite() expects parameter 1 to be resource, boolean given","scriptname" => "D:\xampp\htdocs\img-chare\main.php","scriptlinenum" => "204"); ?>
<? $phpalbum_Errors[]= Array("datetime" => "12/09/22 18:33:42","errornum" => "2","errortype" => "Warning","errormsg" => "fwrite() expects parameter 1 to be resource, boolean given","scriptname" => "D:\xampp\htdocs\img-chare\main.php","scriptlinenum" => "204"); ?>
<? $phpalbum_Errors[]= Array("datetime" => "12/09/22 18:33:42","errornum" => "2","errortype" => "Warning","errormsg" => "fclose() expects parameter 1 to be resource, boolean given","scriptname" => "D:\xampp\htdocs\img-chare\main.php","scriptlinenum" => "206"); ?>
<? $phpalbum_Errors[]= Array("datetime" => "12/09/22 18:33:42","errornum" => "2","errortype" => "Warning","errormsg" => "fopen(cache/cache_themeimage_shdw_rd.png_EEDD99_100_.cache) [<a href='function.fopen'>function.fopen</a>]: failed to open stream: No such file or directory","scriptname" => "D:\xampp\htdocs\img-chare\main.php","scriptlinenum" => "528"); ?>
<? $phpalbum_Errors[]= Array("datetime" => "12/09/22 18:33:42","errornum" => "2","errortype" => "Warning","errormsg" => "fwrite() expects parameter 1 to be resource, boolean given","scriptname" => "D:\xampp\htdocs\img-chare\main.php","scriptlinenum" => "529"); ?>
<? $phpalbum_Errors[]= Array("datetime" => "12/09/22 18:33:42","errornum" => "2","errortype" => "Warning","errormsg" => "fclose() expects parameter 1 to be resource, boolean given","scriptname" => "D:\xampp\htdocs\img-chare\main.php","scriptlinenum" => "530"); ?>
<? $phpalbum_Errors[]= Array("datetime" => "12/09/22 18:33:42","errornum" => "2","errortype" => "Warning","errormsg" => "filemtime() [<a href='function.filemtime'>function.filemtime</a>]: stat failed for cache/cache_themeimage_shdw_rd.png_EEDD99_100_.cache","scriptname" => "D:\xampp\htdocs\img-chare\main.php","scriptlinenum" => "532"); ?>
<? $phpalbum_Errors[]= Array("datetime" => "12/09/22 18:33:42","errornum" => "2","errortype" => "Warning","errormsg" => "fopen(cache/cache_themeimage_shdw_rd.png_EEDD99_100_.cache.hdr) [<a href='function.fopen'>function.fopen</a>]: failed to open stream: No such file or directory","scriptname" => "D:\xampp\htdocs\img-chare\main.php","scriptlinenum" => "202"); ?>
<? $phpalbum_Errors[]= Array("datetime" => "12/09/22 18:33:42","errornum" => "2","errortype" => "Warning","errormsg" => "fwrite() expects parameter 1 to be resource, boolean given","scriptname" => "D:\xampp\htdocs\img-chare\main.php","scriptlinenum" => "204"); ?>
<? $phpalbum_Errors[]= Array("datetime" => "12/09/22 18:33:42","errornum" => "2","errortype" => "Warning","errormsg" => "fwrite() expects parameter 1 to be resource, boolean given","scriptname" => "D:\xampp\htdocs\img-chare\main.php","scriptlinenum" => "204"); ?>
<? $phpalbum_Errors[]= Array("datetime" => "12/09/22 18:33:42","errornum" => "2","errortype" => "Warning","errormsg" => "fwrite() expects parameter 1 to be resource, boolean given","scriptname" => "D:\xampp\htdocs\img-chare\main.php","scriptlinenum" => "204"); ?>
<? $phpalbum_Errors[]= Array("datetime" => "12/09/22 18:33:42","errornum" => "2","errortype" => "Warning","errormsg" => "fclose() expects parameter 1 to be resource, boolean given","scriptname" => "D:\xampp\htdocs\img-chare\main.php","scriptlinenum" => "206"); ?>
<? $phpalbum_Errors[]= Array("datetime" => "12/09/22 18:33:42","errornum" => "2","errortype" => "Warning","errormsg" => "fopen(cache/cache_themeimage_shdw_r.png_EEDD99_100_.cache) [<a href='function.fopen'>function.fopen</a>]: failed to open stream: No such file or directory","scriptname" => "D:\xampp\htdocs\img-chare\main.php","scriptlinenum" => "528"); ?>
<? $phpalbum_Errors[]= Array("datetime" => "12/09/22 18:33:42","errornum" => "2","errortype" => "Warning","errormsg" => "fwrite() expects parameter 1 to be resource, boolean given","scriptname" => "D:\xampp\htdocs\img-chare\main.php","scriptlinenum" => "529"); ?>
<? $phpalbum_Errors[]= Array("datetime" => "12/09/22 18:33:42","errornum" => "2","errortype" => "Warning","errormsg" => "fclose() expects parameter 1 to be resource, boolean given","scriptname" => "D:\xampp\htdocs\img-chare\main.php","scriptlinenum" => "530"); ?>
<? $phpalbum_Errors[]= Array("datetime" => "12/09/22 18:33:42","errornum" => "2","errortype" => "Warning","errormsg" => "filemtime() [<a href='function.filemtime'>function.filemtime</a>]: stat failed for cache/cache_themeimage_shdw_r.png_EEDD99_100_.cache","scriptname" => "D:\xampp\htdocs\img-chare\main.php","scriptlinenum" => "532"); ?>
<? $phpalbum_Errors[]= Array("datetime" => "12/09/22 18:33:42","errornum" => "2","errortype" => "Warning","errormsg" => "fopen(cache/cache_themeimage_shdw_r.png_EEDD99_100_.cache.hdr) [<a href='function.fopen'>function.fopen</a>]: failed to open stream: No such file or directory","scriptname" => "D:\xampp\htdocs\img-chare\main.php","scriptlinenum" => "202"); ?>
<? $phpalbum_Errors[]= Array("datetime" => "12/09/22 18:33:42","errornum" => "2","errortype" => "Warning","errormsg" => "fwrite() expects parameter 1 to be resource, boolean given","scriptname" => "D:\xampp\htdocs\img-chare\main.php","scriptlinenum" => "204"); ?>
<? $phpalbum_Errors[]= Array("datetime" => "12/09/22 18:33:42","errornum" => "2","errortype" => "Warning","errormsg" => "fwrite() expects parameter 1 to be resource, boolean given","scriptname" => "D:\xampp\htdocs\img-chare\main.php","scriptlinenum" => "204"); ?>
<? $phpalbum_Errors[]= Array("datetime" => "12/09/22 18:33:42","errornum" => "2","errortype" => "Warning","errormsg" => "fwrite() expects parameter 1 to be resource, boolean given","scriptname" => "D:\xampp\htdocs\img-chare\main.php","scriptlinenum" => "204"); ?>
<? $phpalbum_Errors[]= Array("datetime" => "12/09/22 18:33:42","errornum" => "2","errortype" => "Warning","errormsg" => "fclose() expects parameter 1 to be resource, boolean given","scriptname" => "D:\xampp\htdocs\img-chare\main.php","scriptlinenum" => "206"); ?>
<? $phpalbum_Errors[]= Array("datetime" => "12/09/22 18:33:42","errornum" => "2","errortype" => "Warning","errormsg" => "fopen(cache/cache_themeimage_shdw_ld.png_EEDD99_100_.cache) [<a href='function.fopen'>function.fopen</a>]: failed to open stream: No such file or directory","scriptname" => "D:\xampp\htdocs\img-chare\main.php","scriptlinenum" => "528"); ?>
<? $phpalbum_Errors[]= Array("datetime" => "12/09/22 18:33:42","errornum" => "2","errortype" => "Warning","errormsg" => "fwrite() expects parameter 1 to be resource, boolean given","scriptname" => "D:\xampp\htdocs\img-chare\main.php","scriptlinenum" => "529"); ?>
<? $phpalbum_Errors[]= Array("datetime" => "12/09/22 18:33:42","errornum" => "2","errortype" => "Warning","errormsg" => "fclose() expects parameter 1 to be resource, boolean given","scriptname" => "D:\xampp\htdocs\img-chare\main.php","scriptlinenum" => "530"); ?>
<? $phpalbum_Errors[]= Array("datetime" => "12/09/22 18:33:42","errornum" => "2","errortype" => "Warning","errormsg" => "filemtime() [<a href='function.filemtime'>function.filemtime</a>]: stat failed for cache/cache_themeimage_shdw_ld.png_EEDD99_100_.cache","scriptname" => "D:\xampp\htdocs\img-chare\main.php","scriptlinenum" => "532"); ?>
<? $phpalbum_Errors[]= Array("datetime" => "12/09/22 18:33:42","errornum" => "2","errortype" => "Warning","errormsg" => "fopen(cache/cache_themeimage_shdw_ld.png_EEDD99_100_.cache.hdr) [<a href='function.fopen'>function.fopen</a>]: failed to open stream: No such file or directory","scriptname" => "D:\xampp\htdocs\img-chare\main.php","scriptlinenum" => "202"); ?>
<? $phpalbum_Errors[]= Array("datetime" => "12/09/22 18:33:42","errornum" => "2","errortype" => "Warning","errormsg" => "fwrite() expects parameter 1 to be resource, boolean given","scriptname" => "D:\xampp\htdocs\img-chare\main.php","scriptlinenum" => "204"); ?>
<? $phpalbum_Errors[]= Array("datetime" => "12/09/22 18:33:42","errornum" => "2","errortype" => "Warning","errormsg" => "fwrite() expects parameter 1 to be resource, boolean given","scriptname" => "D:\xampp\htdocs\img-chare\main.php","scriptlinenum" => "204"); ?>
<? $phpalbum_Errors[]= Array("datetime" => "12/09/22 18:33:42","errornum" => "2","errortype" => "Warning","errormsg" => "fwrite() expects parameter 1 to be resource, boolean given","scriptname" => "D:\xampp\htdocs\img-chare\main.php","scriptlinenum" => "204"); ?>
<? $phpalbum_Errors[]= Array("datetime" => "12/09/22 18:33:42","errornum" => "2","errortype" => "Warning","errormsg" => "fclose() expects parameter 1 to be resource, boolean given","scriptname" => "D:\xampp\htdocs\img-chare\main.php","scriptlinenum" => "206"); ?>
<? $phpalbum_Errors[]= Array("datetime" => "12/09/22 18:33:42","errornum" => "2","errortype" => "Warning","errormsg" => "fopen(cache/cache_themeimage_shdw_d.png_EEDD99_100_.cache) [<a href='function.fopen'>function.fopen</a>]: failed to open stream: No such file or directory","scriptname" => "D:\xampp\htdocs\img-chare\main.php","scriptlinenum" => "528"); ?>
<? $phpalbum_Errors[]= Array("datetime" => "12/09/22 18:33:42","errornum" => "2","errortype" => "Warning","errormsg" => "fwrite() expects parameter 1 to be resource, boolean given","scriptname" => "D:\xampp\htdocs\img-chare\main.php","scriptlinenum" => "529"); ?>
<? $phpalbum_Errors[]= Array("datetime" => "12/09/22 18:33:42","errornum" => "2","errortype" => "Warning","errormsg" => "fclose() expects parameter 1 to be resource, boolean given","scriptname" => "D:\xampp\htdocs\img-chare\main.php","scriptlinenum" => "530"); ?>
<? $phpalbum_Errors[]= Array("datetime" => "12/09/22 18:33:42","errornum" => "2","errortype" => "Warning","errormsg" => "filemtime() [<a href='function.filemtime'>function.filemtime</a>]: stat failed for cache/cache_themeimage_shdw_d.png_EEDD99_100_.cache","scriptname" => "D:\xampp\htdocs\img-chare\main.php","scriptlinenum" => "532"); ?>
<? $phpalbum_Errors[]= Array("datetime" => "12/09/22 18:33:42","errornum" => "2","errortype" => "Warning","errormsg" => "fopen(cache/cache_themeimage_shdw_d.png_EEDD99_100_.cache.hdr) [<a href='function.fopen'>function.fopen</a>]: failed to open stream: No such file or directory","scriptname" => "D:\xampp\htdocs\img-chare\main.php","scriptlinenum" => "202"); ?>
<? $phpalbum_Errors[]= Array("datetime" => "12/09/22 18:33:42","errornum" => "2","errortype" => "Warning","errormsg" => "fwrite() expects parameter 1 to be resource, boolean given","scriptname" => "D:\xampp\htdocs\img-chare\main.php","scriptlinenum" => "204"); ?>
<? $phpalbum_Errors[]= Array("datetime" => "12/09/22 18:33:42","errornum" => "2","errortype" => "Warning","errormsg" => "fwrite() expects parameter 1 to be resource, boolean given","scriptname" => "D:\xampp\htdocs\img-chare\main.php","scriptlinenum" => "204"); ?>
<? $phpalbum_Errors[]= Array("datetime" => "12/09/22 18:33:42","errornum" => "2","errortype" => "Warning","errormsg" => "fwrite() expects parameter 1 to be resource, boolean given","scriptname" => "D:\xampp\htdocs\img-chare\main.php","scriptlinenum" => "204"); ?>
<? $phpalbum_Errors[]= Array("datetime" => "12/09/22 18:33:42","errornum" => "2","errortype" => "Warning","errormsg" => "fclose() expects parameter 1 to be resource, boolean given","scriptname" => "D:\xampp\htdocs\img-chare\main.php","scriptlinenum" => "206"); ?>
<? $phpalbum_Errors[]= Array("datetime" => "12/09/22 18:33:44","errornum" => "2","errortype" => "Warning","errormsg" => "fopen(cache/cache_image_onethird-concept.jpg_500_85__.cache) [<a href='function.fopen'>function.fopen</a>]: failed to open stream: No such file or directory","scriptname" => "D:\xampp\htdocs\img-chare\main.php","scriptlinenum" => "528"); ?>
<? $phpalbum_Errors[]= Array("datetime" => "12/09/22 18:33:44","errornum" => "2","errortype" => "Warning","errormsg" => "fwrite() expects parameter 1 to be resource, boolean given","scriptname" => "D:\xampp\htdocs\img-chare\main.php","scriptlinenum" => "529"); ?>
<? $phpalbum_Errors[]= Array("datetime" => "12/09/22 18:33:44","errornum" => "2","errortype" => "Warning","errormsg" => "fclose() expects parameter 1 to be resource, boolean given","scriptname" => "D:\xampp\htdocs\img-chare\main.php","scriptlinenum" => "530"); ?>
<? $phpalbum_Errors[]= Array("datetime" => "12/09/22 18:33:44","errornum" => "2","errortype" => "Warning","errormsg" => "filemtime() [<a href='function.filemtime'>function.filemtime</a>]: stat failed for cache/cache_image_onethird-concept.jpg_500_85__.cache","scriptname" => "D:\xampp\htdocs\img-chare\main.php","scriptlinenum" => "532"); ?>
<? $phpalbum_Errors[]= Array("datetime" => "12/09/22 18:33:44","errornum" => "2","errortype" => "Warning","errormsg" => "fopen(cache/cache_image_onethird-concept.jpg_500_85__.cache.hdr) [<a href='function.fopen'>function.fopen</a>]: failed to open stream: No such file or directory","scriptname" => "D:\xampp\htdocs\img-chare\main.php","scriptlinenum" => "202"); ?>
<? $phpalbum_Errors[]= Array("datetime" => "12/09/22 18:33:44","errornum" => "2","errortype" => "Warning","errormsg" => "fwrite() expects parameter 1 to be resource, boolean given","scriptname" => "D:\xampp\htdocs\img-chare\main.php","scriptlinenum" => "204"); ?>
<? $phpalbum_Errors[]= Array("datetime" => "12/09/22 18:33:44","errornum" => "2","errortype" => "Warning","errormsg" => "fwrite() expects parameter 1 to be resource, boolean given","scriptname" => "D:\xampp\htdocs\img-chare\main.php","scriptlinenum" => "204"); ?>
<? $phpalbum_Errors[]= Array("datetime" => "12/09/22 18:33:44","errornum" => "2","errortype" => "Warning","errormsg" => "fwrite() expects parameter 1 to be resource, boolean given","scriptname" => "D:\xampp\htdocs\img-chare\main.php","scriptlinenum" => "204"); ?>
<? $phpalbum_Errors[]= Array("datetime" => "12/09/22 18:33:44","errornum" => "2","errortype" => "Warning","errormsg" => "fwrite() expects parameter 1 to be resource, boolean given","scriptname" => "D:\xampp\htdocs\img-chare\main.php","scriptlinenum" => "204"); ?>
<? $phpalbum_Errors[]= Array("datetime" => "12/09/22 18:33:44","errornum" => "2","errortype" => "Warning","errormsg" => "fwrite() expects parameter 1 to be resource, boolean given","scriptname" => "D:\xampp\htdocs\img-chare\main.php","scriptlinenum" => "204"); ?>
<? $phpalbum_Errors[]= Array("datetime" => "12/09/22 18:33:44","errornum" => "2","errortype" => "Warning","errormsg" => "fclose() expects parameter 1 to be resource, boolean given","scriptname" => "D:\xampp\htdocs\img-chare\main.php","scriptlinenum" => "206"); ?>
<? $phpalbum_Errors[]= Array("datetime" => "12/09/22 18:33:45","errornum" => "2","errortype" => "Warning","errormsg" => "fopen(cache/logs.txt) [<a href='function.fopen'>function.fopen</a>]: failed to open stream: No such file or directory","scriptname" => "D:\xampp\htdocs\img-chare\main.php","scriptlinenum" => "2325"); ?>
<? $phpalbum_Errors[]= Array("datetime" => "12/09/22 18:33:45","errornum" => "2","errortype" => "Warning","errormsg" => "fwrite() expects parameter 1 to be resource, boolean given","scriptname" => "D:\xampp\htdocs\img-chare\main.php","scriptlinenum" => "2326"); ?>
<? $phpalbum_Errors[]= Array("datetime" => "12/09/22 18:33:45","errornum" => "2","errortype" => "Warning","errormsg" => "fclose() expects parameter 1 to be resource, boolean given","scriptname" => "D:\xampp\htdocs\img-chare\main.php","scriptlinenum" => "2327"); ?>
<? $phpalbum_Errors[]= Array("datetime" => "12/09/22 18:33:46","errornum" => "2","errortype" => "Warning","errormsg" => "fopen(cache/cache_image_onethird-logo-001.jpg_500_85__.cache) [<a href='function.fopen'>function.fopen</a>]: failed to open stream: No such file or directory","scriptname" => "D:\xampp\htdocs\img-chare\main.php","scriptlinenum" => "528"); ?>
<? $phpalbum_Errors[]= Array("datetime" => "12/09/22 18:33:46","errornum" => "2","errortype" => "Warning","errormsg" => "fwrite() expects parameter 1 to be resource, boolean given","scriptname" => "D:\xampp\htdocs\img-chare\main.php","scriptlinenum" => "529"); ?>
<? $phpalbum_Errors[]= Array("datetime" => "12/09/22 18:33:46","errornum" => "2","errortype" => "Warning","errormsg" => "fclose() expects parameter 1 to be resource, boolean given","scriptname" => "D:\xampp\htdocs\img-chare\main.php","scriptlinenum" => "530"); ?>
<? $phpalbum_Errors[]= Array("datetime" => "12/09/22 18:33:46","errornum" => "2","errortype" => "Warning","errormsg" => "filemtime() [<a href='function.filemtime'>function.filemtime</a>]: stat failed for cache/cache_image_onethird-logo-001.jpg_500_85__.cache","scriptname" => "D:\xampp\htdocs\img-chare\main.php","scriptlinenum" => "532"); ?>
<? $phpalbum_Errors[]= Array("datetime" => "12/09/22 18:33:46","errornum" => "2","errortype" => "Warning","errormsg" => "fopen(cache/cache_image_onethird-logo-001.jpg_500_85__.cache.hdr) [<a href='function.fopen'>function.fopen</a>]: failed to open stream: No such file or directory","scriptname" => "D:\xampp\htdocs\img-chare\main.php","scriptlinenum" => "202"); ?>
<? $phpalbum_Errors[]= Array("datetime" => "12/09/22 18:33:46","errornum" => "2","errortype" => "Warning","errormsg" => "fwrite() expects parameter 1 to be resource, boolean given","scriptname" => "D:\xampp\htdocs\img-chare\main.php","scriptlinenum" => "204"); ?>
<? $phpalbum_Errors[]= Array("datetime" => "12/09/22 18:33:46","errornum" => "2","errortype" => "Warning","errormsg" => "fwrite() expects parameter 1 to be resource, boolean given","scriptname" => "D:\xampp\htdocs\img-chare\main.php","scriptlinenum" => "204"); ?>
<? $phpalbum_Errors[]= Array("datetime" => "12/09/22 18:33:46","errornum" => "2","errortype" => "Warning","errormsg" => "fwrite() expects parameter 1 to be resource, boolean given","scriptname" => "D:\xampp\htdocs\img-chare\main.php","scriptlinenum" => "204"); ?>
<? $phpalbum_Errors[]= Array("datetime" => "12/09/22 18:33:46","errornum" => "2","errortype" => "Warning","errormsg" => "fwrite() expects parameter 1 to be resource, boolean given","scriptname" => "D:\xampp\htdocs\img-chare\main.php","scriptlinenum" => "204"); ?>
<? $phpalbum_Errors[]= Array("datetime" => "12/09/22 18:33:46","errornum" => "2","errortype" => "Warning","errormsg" => "fwrite() expects parameter 1 to be resource, boolean given","scriptname" => "D:\xampp\htdocs\img-chare\main.php","scriptlinenum" => "204"); ?>
<? $phpalbum_Errors[]= Array("datetime" => "12/09/22 18:33:46","errornum" => "2","errortype" => "Warning","errormsg" => "fclose() expects parameter 1 to be resource, boolean given","scriptname" => "D:\xampp\htdocs\img-chare\main.php","scriptlinenum" => "206"); ?>
